[debug] [2021-04-20T21:36:04.159Z] ----------------------------------------------------------------------
[debug] [2021-04-20T21:36:04.162Z] Command:       /usr/local/bin/firebase /home/jomoto/.cache/firebase/tools/lib/node_modules/firebase-tools/lib/bin/firebase init
[debug] [2021-04-20T21:36:04.162Z] CLI Version:   9.10.0
[debug] [2021-04-20T21:36:04.162Z] Platform:      linux
[debug] [2021-04-20T21:36:04.162Z] Node Version:  v12.18.1
[debug] [2021-04-20T21:36:04.163Z] Time:          Tue Apr 20 2021 16:36:04 GMT-0500 (GMT-05:00)
[debug] [2021-04-20T21:36:04.163Z] ----------------------------------------------------------------------
[debug] 
[debug] [2021-04-20T21:36:04.169Z] > command requires scopes: ["email","openid","https://www.googleapis.com/auth/cloudplatformprojects.readonly","https://www.googleapis.com/auth/firebase","https://www.googleapis.com/auth/cloud-platform"]
[debug] [2021-04-20T21:36:04.169Z] > authorizing via signed-in user (joex45125@gmail.com)
[info] 
     ######## #### ########  ######## ########     ###     ######  ########
     ##        ##  ##     ## ##       ##     ##  ##   ##  ##       ##
     ######    ##  ########  ######   ########  #########  ######  ######
     ##        ##  ##    ##  ##       ##     ## ##     ##       ## ##
     ##       #### ##     ## ######## ########  ##     ##  ######  ########

You're about to initialize a Firebase project in this directory:

  /home/jomoto/code/dockerProjects/firebase/blogeek-platzi

[info] 
=== Project Setup
[info] 
[info] First, let's associate this project directory with a Firebase project.
[info] You can create multiple project aliases by running firebase use --add, 
[info] but for now we'll just set up a default project.
[info] 
[debug] [2021-04-20T21:36:49.625Z] >>> [apiv2][query] GET https://firebase.googleapis.com/v1beta1/projects pageSize=100
[debug] [2021-04-20T21:36:50.021Z] <<< [apiv2][status] GET https://firebase.googleapis.com/v1beta1/projects 200
[debug] [2021-04-20T21:36:50.021Z] <<< [apiv2][body] GET https://firebase.googleapis.com/v1beta1/projects [omitted]
[info] i  Using project bloggeekplatzi-f7b06 (bloggeekplatzi) 
[info] 
=== Hosting Setup
[info] 
[info] Your public directory is the folder (relative to your project directory) that
[info] will contain Hosting assets to be uploaded with firebase deploy. If you
[info] have a build process for your assets, use your build's output directory.
[info] 
[info] ✔  Wrote public/404.html 
[debug] [2021-04-20T21:38:13.511Z] >>> [apiv2][query] GET https://www.gstatic.com/firebasejs/releases.json [none]
[debug] [2021-04-20T21:38:13.574Z] <<< [apiv2][status] GET https://www.gstatic.com/firebasejs/releases.json 200
[debug] [2021-04-20T21:38:13.574Z] <<< [apiv2][body] GET https://www.gstatic.com/firebasejs/releases.json {"current":{"version":"8.4.1","browserURL":"https://www.gstatic.com/firebasejs/8.4.1/firebase.js","packageURL":"https://www.gstatic.com/firebasejs/8.4.1/firebase.tgz"},"live":{"version":"8.4","browserURL":"https://www.gstatic.com/firebasejs/live/8.4/firebase.js","packageURL":"https://www.gstatic.com/firebasejs/live/8.4/firebase.tgz"},"components":{"analytics":"https://www.gstatic.com/firebasejs/8.4.1/firebase-analytics.js","app":"https://www.gstatic.com/firebasejs/8.4.1/firebase-app.js","auth":"https://www.gstatic.com/firebasejs/8.4.1/firebase-auth.js","database":"https://www.gstatic.com/firebasejs/8.4.1/firebase-database.js","firestore":"https://www.gstatic.com/firebasejs/8.4.1/firebase-firestore.js","functions":"https://www.gstatic.com/firebasejs/8.4.1/firebase-functions.js","installations":"https://www.gstatic.com/firebasejs/8.4.1/firebase-installations.js","messaging":"https://www.gstatic.com/firebasejs/8.4.1/firebase-messaging.js","storage":"https://www.gstatic.com/firebasejs/8.4.1/firebase-storage.js","performance":"https://www.gstatic.com/firebasejs/8.4.1/firebase-performance.js","remote-config":"https://www.gstatic.com/firebasejs/8.4.1/firebase-remote-config.js","firestore.memory":"https://www.gstatic.com/firebasejs/8.4.1/firebase-firestore.memory.js"}}
[info] i  Skipping write of public/index.html 
[info] 
[info] i  Detected a .git folder at /home/jomoto/code/dockerProjects/firebase/blogeek-platzi 
[info] i  Authorizing with GitHub to upload your service account to a GitHub repository's secrets store. 
[info] 
[info] Visit this URL on this device to log in:
[info] https://github.com/login/oauth/authorize?client_id=89cf50f02ac6aaed3484&state=357687228&redirect_uri=http%3A%2F%2Flocalhost%3A9005&scope=read%3Auser%20repo%20public_repo
[info] 
[info] Waiting for authentication...
[debug] [2021-04-20T21:38:59.293Z] >>> HTTP REQUEST POST https://github.com/login/oauth/access_token  
 {"client_id":"89cf50f02ac6aaed3484","client_secret":"3330d14abc895d9a74d5f17cd7a00711fa2c5bf0","code":"151bc9d0152091d79b4a","redirect_uri":"http://localhost:9005","state":"357687228"}
[debug] [2021-04-20T21:38:59.667Z] <<< HTTP RESPONSE 200 {"server":"GitHub.com","date":"Tue, 20 Apr 2021 21:38:59 GMT","content-type":"application/json; charset=utf-8","transfer-encoding":"chunked","vary":"X-PJAX, Accept-Encoding, Accept, X-Requested-With","permissions-policy":"interest-cohort=()","etag":"W/\"3a0a5fc160c911cbf3fbe31db480e0f0\"","cache-control":"max-age=0, private, must-revalidate","strict-transport-security":"max-age=31536000; includeSubdomains; preload","x-frame-options":"deny","x-content-type-options":"nosniff","x-xss-protection":"0","referrer-policy":"origin-when-cross-origin, strict-origin-when-cross-origin","expect-ct":"max-age=2592000, report-uri=\"https://api.github.com/_private/browser/errors\"","content-security-policy":"default-src 'none'; base-uri 'self'; block-all-mixed-content; connect-src 'self' uploads.github.com www.githubstatus.com collector.githubapp.com api.github.com github-cloud.s3.amazonaws.com github-production-repository-file-5c1aeb.s3.amazonaws.com github-production-upload-manifest-file-7fdce7.s3.amazonaws.com github-production-user-asset-6210df.s3.amazonaws.com cdn.optimizely.com logx.optimizely.com/v1/events wss://alive.github.com; font-src github.githubassets.com; form-action 'self' github.com gist.github.com; frame-ancestors 'none'; frame-src render.githubusercontent.com; img-src 'self' data: github.githubassets.com identicons.github.com collector.githubapp.com github-cloud.s3.amazonaws.com secured-user-images.githubusercontent.com/ *.githubusercontent.com; manifest-src 'self'; media-src 'none'; script-src github.githubassets.com; style-src 'unsafe-inline' github.githubassets.com; worker-src github.com/socket-worker-3f088aa2.js gist.github.com/socket-worker-3f088aa2.js","x-github-request-id":"9BBE:42AA:229DB49:3D79B5C:607F49F3"}
[debug] [2021-04-20T21:38:59.680Z] >>> [apiv2][query] GET https://api.github.com/user [none]
[debug] [2021-04-20T21:38:59.994Z] <<< [apiv2][status] GET https://api.github.com/user 200
[debug] [2021-04-20T21:38:59.995Z] <<< [apiv2][body] GET https://api.github.com/user {"login":"JozaMoto","id":60307930,"node_id":"MDQ6VXNlcjYwMzA3OTMw","avatar_url":"https://avatars.githubusercontent.com/u/60307930?v=4","gravatar_id":"","url":"https://api.github.com/users/JozaMoto","html_url":"https://github.com/JozaMoto","followers_url":"https://api.github.com/users/JozaMoto/followers","following_url":"https://api.github.com/users/JozaMoto/following{/other_user}","gists_url":"https://api.github.com/users/JozaMoto/gists{/gist_id}","starred_url":"https://api.github.com/users/JozaMoto/starred{/owner}{/repo}","subscriptions_url":"https://api.github.com/users/JozaMoto/subscriptions","organizations_url":"https://api.github.com/users/JozaMoto/orgs","repos_url":"https://api.github.com/users/JozaMoto/repos","events_url":"https://api.github.com/users/JozaMoto/events{/privacy}","received_events_url":"https://api.github.com/users/JozaMoto/received_events","type":"User","site_admin":false,"name":null,"company":null,"blog":"","location":null,"email":null,"hireable":null,"bio":null,"twitter_username":null,"public_repos":7,"public_gists":1,"followers":1,"following":1,"created_at":"2020-01-26T04:02:43Z","updated_at":"2021-04-20T21:38:47Z","private_gists":0,"total_private_repos":5,"owned_private_repos":5,"disk_usage":84960,"collaborators":1,"two_factor_authentication":false,"plan":{"name":"free","space":976562499,"collaborators":0,"private_repos":10000}}
[info] 
[info] ✔  Success! Logged into GitHub as JozaMoto 
[info] 
[debug] [2021-04-20T21:39:14.262Z] >>> [apiv2][query] GET https://api.github.com/repos/jggomez/blogeek-platzi/actions/secrets/public-key type=owner
[debug] [2021-04-20T21:39:14.551Z] <<< [apiv2][status] GET https://api.github.com/repos/jggomez/blogeek-platzi/actions/secrets/public-key 403
[debug] [2021-04-20T21:39:14.552Z] <<< [apiv2][body] GET https://api.github.com/repos/jggomez/blogeek-platzi/actions/secrets/public-key {"message":"Must have admin rights to Repository.","documentation_url":"https://docs.github.com/rest/reference/actions#get-a-repository-public-key"}
[debug] [2021-04-20T21:39:22.166Z] >>> [apiv2][query] GET https://api.github.com/repos/jggomez/blogeek-platzi/actions/secrets/public-key type=owner
[debug] [2021-04-20T21:39:22.452Z] <<< [apiv2][status] GET https://api.github.com/repos/jggomez/blogeek-platzi/actions/secrets/public-key 403
[debug] [2021-04-20T21:39:22.453Z] <<< [apiv2][body] GET https://api.github.com/repos/jggomez/blogeek-platzi/actions/secrets/public-key {"message":"Must have admin rights to Repository.","documentation_url":"https://docs.github.com/rest/reference/actions#get-a-repository-public-key"}
[debug] [2021-04-20T21:39:24.624Z] >>> [apiv2][query] GET https://api.github.com/repos/jggomez/blogeek-platzi/actions/secrets/public-key type=owner
[debug] [2021-04-20T21:39:24.938Z] <<< [apiv2][status] GET https://api.github.com/repos/jggomez/blogeek-platzi/actions/secrets/public-key 403
[debug] [2021-04-20T21:39:24.938Z] <<< [apiv2][body] GET https://api.github.com/repos/jggomez/blogeek-platzi/actions/secrets/public-key {"message":"Must have admin rights to Repository.","documentation_url":"https://docs.github.com/rest/reference/actions#get-a-repository-public-key"}
[debug] [2021-04-20T21:39:38.492Z] >>> [apiv2][query] GET https://api.github.com/repos/jggomez/blogeek-platzi/actions/secrets/public-key type=owner
[debug] [2021-04-20T21:39:38.774Z] <<< [apiv2][status] GET https://api.github.com/repos/jggomez/blogeek-platzi/actions/secrets/public-key 403
[debug] [2021-04-20T21:39:38.775Z] <<< [apiv2][body] GET https://api.github.com/repos/jggomez/blogeek-platzi/actions/secrets/public-key {"message":"Must have admin rights to Repository.","documentation_url":"https://docs.github.com/rest/reference/actions#get-a-repository-public-key"}
[debug] [2021-04-20T21:39:40.736Z] >>> [apiv2][query] GET https://api.github.com/repos/q/actions/secrets/public-key type=owner
[debug] [2021-04-20T21:39:41.006Z] <<< [apiv2][status] GET https://api.github.com/repos/q/actions/secrets/public-key 404
[debug] [2021-04-20T21:39:41.006Z] <<< [apiv2][body] GET https://api.github.com/repos/q/actions/secrets/public-key {"message":"Not Found","documentation_url":"https://docs.github.com/rest"}
[debug] [2021-04-20T21:39:42.412Z] >>> [apiv2][query] GET https://api.github.com/repos//actions/secrets/public-key type=owner
[debug] [2021-04-20T21:39:42.688Z] <<< [apiv2][status] GET https://api.github.com/repos//actions/secrets/public-key 404
[debug] [2021-04-20T21:39:42.688Z] <<< [apiv2][body] GET https://api.github.com/repos//actions/secrets/public-key {"message":"Not Found","documentation_url":"https://docs.github.com/rest"}
